INFO [2020-01-09 11:09:51] $x
INFO [2020-01-09 11:09:51] pairList
INFO [2020-01-09 11:09:51] 
INFO [2020-01-09 11:09:51] $filename
INFO [2020-01-09 11:09:51] picName
INFO [2020-01-09 11:09:51] 
INFO [2020-01-09 11:09:51] $height
INFO [2020-01-09 11:09:51] [1] 3000
INFO [2020-01-09 11:09:51] 
INFO [2020-01-09 11:09:51] $width
INFO [2020-01-09 11:09:51] [1] 3000
INFO [2020-01-09 11:09:51] 
INFO [2020-01-09 11:09:51] $resolution
INFO [2020-01-09 11:09:51] [1] 500
INFO [2020-01-09 11:09:51] 
INFO [2020-01-09 11:09:51] $imagetype
INFO [2020-01-09 11:09:51] [1] "tiff"
INFO [2020-01-09 11:09:51] 
INFO [2020-01-09 11:09:51] $units
INFO [2020-01-09 11:09:51] [1] "px"
INFO [2020-01-09 11:09:51] 
INFO [2020-01-09 11:09:51] $compression
INFO [2020-01-09 11:09:51] [1] "lzw"
INFO [2020-01-09 11:09:51] 
INFO [2020-01-09 11:09:51] $na
INFO [2020-01-09 11:09:51] [1] "remove"
INFO [2020-01-09 11:09:51] 
INFO [2020-01-09 11:09:51] $main
INFO [2020-01-09 11:09:51] NULL
INFO [2020-01-09 11:09:51] 
INFO [2020-01-09 11:09:51] $sub
INFO [2020-01-09 11:09:51] NULL
INFO [2020-01-09 11:09:51] 
INFO [2020-01-09 11:09:51] $main.pos
INFO [2020-01-09 11:09:51] c(0.5, 1.05)
INFO [2020-01-09 11:09:51] 
INFO [2020-01-09 11:09:51] $main.fontface
INFO [2020-01-09 11:09:51] [1] "plain"
INFO [2020-01-09 11:09:51] 
INFO [2020-01-09 11:09:51] $main.fontfamily
INFO [2020-01-09 11:09:51] [1] "serif"
INFO [2020-01-09 11:09:51] 
INFO [2020-01-09 11:09:51] $main.col
INFO [2020-01-09 11:09:51] [1] "black"
INFO [2020-01-09 11:09:51] 
INFO [2020-01-09 11:09:51] $main.cex
INFO [2020-01-09 11:09:51] [1] 1
INFO [2020-01-09 11:09:51] 
INFO [2020-01-09 11:09:51] $main.just
INFO [2020-01-09 11:09:51] c(0.5, 1)
INFO [2020-01-09 11:09:51] 
INFO [2020-01-09 11:09:51] $sub.pos
INFO [2020-01-09 11:09:51] c(0.5, 1.05)
INFO [2020-01-09 11:09:51] 
INFO [2020-01-09 11:09:51] $sub.fontface
INFO [2020-01-09 11:09:51] [1] "plain"
INFO [2020-01-09 11:09:51] 
INFO [2020-01-09 11:09:51] $sub.fontfamily
INFO [2020-01-09 11:09:51] [1] "serif"
INFO [2020-01-09 11:09:51] 
INFO [2020-01-09 11:09:51] $sub.col
INFO [2020-01-09 11:09:51] [1] "black"
INFO [2020-01-09 11:09:51] 
INFO [2020-01-09 11:09:51] $sub.cex
INFO [2020-01-09 11:09:51] [1] 1
INFO [2020-01-09 11:09:51] 
INFO [2020-01-09 11:09:51] $sub.just
INFO [2020-01-09 11:09:51] c(0.5, 1)
INFO [2020-01-09 11:09:51] 
INFO [2020-01-09 11:09:51] $category.names
INFO [2020-01-09 11:09:51] catName
INFO [2020-01-09 11:09:51] 
INFO [2020-01-09 11:09:51] $force.unique
INFO [2020-01-09 11:09:51] [1] TRUE
INFO [2020-01-09 11:09:51] 
INFO [2020-01-09 11:09:51] $print.mode
INFO [2020-01-09 11:09:51] [1] "raw"
INFO [2020-01-09 11:09:51] 
INFO [2020-01-09 11:09:51] $sigdigs
INFO [2020-01-09 11:09:51] [1] 3
INFO [2020-01-09 11:09:51] 
INFO [2020-01-09 11:09:51] $direct.area
INFO [2020-01-09 11:09:51] [1] FALSE
INFO [2020-01-09 11:09:51] 
INFO [2020-01-09 11:09:51] $area.vector
INFO [2020-01-09 11:09:51] [1] 0
INFO [2020-01-09 11:09:51] 
INFO [2020-01-09 11:09:51] $hyper.test
INFO [2020-01-09 11:09:51] [1] FALSE
INFO [2020-01-09 11:09:51] 
INFO [2020-01-09 11:09:51] $total.population
INFO [2020-01-09 11:09:51] NULL
INFO [2020-01-09 11:09:51] 
INFO [2020-01-09 11:09:51] $lower.tail
INFO [2020-01-09 11:09:51] [1] TRUE
INFO [2020-01-09 11:09:51] 
INFO [2020-01-09 11:09:51] $fill
INFO [2020-01-09 11:09:51] colorName
INFO [2020-01-09 11:09:51] 
