INFO [2020-01-09 11:09:54] $x
INFO [2020-01-09 11:09:54] quadList
INFO [2020-01-09 11:09:54] 
INFO [2020-01-09 11:09:54] $filename
INFO [2020-01-09 11:09:54] picName
INFO [2020-01-09 11:09:54] 
INFO [2020-01-09 11:09:54] $height
INFO [2020-01-09 11:09:54] [1] 3000
INFO [2020-01-09 11:09:54] 
INFO [2020-01-09 11:09:54] $width
INFO [2020-01-09 11:09:54] [1] 3000
INFO [2020-01-09 11:09:54] 
INFO [2020-01-09 11:09:54] $resolution
INFO [2020-01-09 11:09:54] [1] 500
INFO [2020-01-09 11:09:54] 
INFO [2020-01-09 11:09:54] $imagetype
INFO [2020-01-09 11:09:54] [1] "tiff"
INFO [2020-01-09 11:09:54] 
INFO [2020-01-09 11:09:54] $units
INFO [2020-01-09 11:09:54] [1] "px"
INFO [2020-01-09 11:09:54] 
INFO [2020-01-09 11:09:54] $compression
INFO [2020-01-09 11:09:54] [1] "lzw"
INFO [2020-01-09 11:09:54] 
INFO [2020-01-09 11:09:54] $na
INFO [2020-01-09 11:09:54] [1] "remove"
INFO [2020-01-09 11:09:54] 
INFO [2020-01-09 11:09:54] $main
INFO [2020-01-09 11:09:54] NULL
INFO [2020-01-09 11:09:54] 
INFO [2020-01-09 11:09:54] $sub
INFO [2020-01-09 11:09:54] NULL
INFO [2020-01-09 11:09:54] 
INFO [2020-01-09 11:09:54] $main.pos
INFO [2020-01-09 11:09:54] c(0.5, 1.05)
INFO [2020-01-09 11:09:54] 
INFO [2020-01-09 11:09:54] $main.fontface
INFO [2020-01-09 11:09:54] [1] "plain"
INFO [2020-01-09 11:09:54] 
INFO [2020-01-09 11:09:54] $main.fontfamily
INFO [2020-01-09 11:09:54] [1] "serif"
INFO [2020-01-09 11:09:54] 
INFO [2020-01-09 11:09:54] $main.col
INFO [2020-01-09 11:09:54] [1] "black"
INFO [2020-01-09 11:09:54] 
INFO [2020-01-09 11:09:54] $main.cex
INFO [2020-01-09 11:09:54] [1] 1
INFO [2020-01-09 11:09:54] 
INFO [2020-01-09 11:09:54] $main.just
INFO [2020-01-09 11:09:54] c(0.5, 1)
INFO [2020-01-09 11:09:54] 
INFO [2020-01-09 11:09:54] $sub.pos
INFO [2020-01-09 11:09:54] c(0.5, 1.05)
INFO [2020-01-09 11:09:54] 
INFO [2020-01-09 11:09:54] $sub.fontface
INFO [2020-01-09 11:09:54] [1] "plain"
INFO [2020-01-09 11:09:54] 
INFO [2020-01-09 11:09:54] $sub.fontfamily
INFO [2020-01-09 11:09:54] [1] "serif"
INFO [2020-01-09 11:09:54] 
INFO [2020-01-09 11:09:54] $sub.col
INFO [2020-01-09 11:09:54] [1] "black"
INFO [2020-01-09 11:09:54] 
INFO [2020-01-09 11:09:54] $sub.cex
INFO [2020-01-09 11:09:54] [1] 1
INFO [2020-01-09 11:09:54] 
INFO [2020-01-09 11:09:54] $sub.just
INFO [2020-01-09 11:09:54] c(0.5, 1)
INFO [2020-01-09 11:09:54] 
INFO [2020-01-09 11:09:54] $category.names
INFO [2020-01-09 11:09:54] catName
INFO [2020-01-09 11:09:54] 
INFO [2020-01-09 11:09:54] $force.unique
INFO [2020-01-09 11:09:54] [1] TRUE
INFO [2020-01-09 11:09:54] 
INFO [2020-01-09 11:09:54] $print.mode
INFO [2020-01-09 11:09:54] [1] "raw"
INFO [2020-01-09 11:09:54] 
INFO [2020-01-09 11:09:54] $sigdigs
INFO [2020-01-09 11:09:54] [1] 3
INFO [2020-01-09 11:09:54] 
INFO [2020-01-09 11:09:54] $direct.area
INFO [2020-01-09 11:09:54] [1] FALSE
INFO [2020-01-09 11:09:54] 
INFO [2020-01-09 11:09:54] $area.vector
INFO [2020-01-09 11:09:54] [1] 0
INFO [2020-01-09 11:09:54] 
INFO [2020-01-09 11:09:54] $hyper.test
INFO [2020-01-09 11:09:54] [1] FALSE
INFO [2020-01-09 11:09:54] 
INFO [2020-01-09 11:09:54] $total.population
INFO [2020-01-09 11:09:54] NULL
INFO [2020-01-09 11:09:54] 
INFO [2020-01-09 11:09:54] $lower.tail
INFO [2020-01-09 11:09:54] [1] TRUE
INFO [2020-01-09 11:09:54] 
INFO [2020-01-09 11:09:54] $fill
INFO [2020-01-09 11:09:54] colorName
INFO [2020-01-09 11:09:54] 
