INFO [2020-01-09 15:51:28] $x
INFO [2020-01-09 15:51:28] quadList
INFO [2020-01-09 15:51:28] 
INFO [2020-01-09 15:51:28] $filename
INFO [2020-01-09 15:51:28] picName
INFO [2020-01-09 15:51:28] 
INFO [2020-01-09 15:51:28] $height
INFO [2020-01-09 15:51:28] [1] 3000
INFO [2020-01-09 15:51:28] 
INFO [2020-01-09 15:51:28] $width
INFO [2020-01-09 15:51:28] [1] 3000
INFO [2020-01-09 15:51:28] 
INFO [2020-01-09 15:51:28] $resolution
INFO [2020-01-09 15:51:28] [1] 500
INFO [2020-01-09 15:51:28] 
INFO [2020-01-09 15:51:28] $imagetype
INFO [2020-01-09 15:51:28] [1] "tiff"
INFO [2020-01-09 15:51:28] 
INFO [2020-01-09 15:51:28] $units
INFO [2020-01-09 15:51:28] [1] "px"
INFO [2020-01-09 15:51:28] 
INFO [2020-01-09 15:51:28] $compression
INFO [2020-01-09 15:51:28] [1] "lzw"
INFO [2020-01-09 15:51:28] 
INFO [2020-01-09 15:51:28] $na
INFO [2020-01-09 15:51:28] [1] "remove"
INFO [2020-01-09 15:51:28] 
INFO [2020-01-09 15:51:28] $main
INFO [2020-01-09 15:51:28] NULL
INFO [2020-01-09 15:51:28] 
INFO [2020-01-09 15:51:28] $sub
INFO [2020-01-09 15:51:28] NULL
INFO [2020-01-09 15:51:28] 
INFO [2020-01-09 15:51:28] $main.pos
INFO [2020-01-09 15:51:28] c(0.5, 1.05)
INFO [2020-01-09 15:51:28] 
INFO [2020-01-09 15:51:28] $main.fontface
INFO [2020-01-09 15:51:28] [1] "plain"
INFO [2020-01-09 15:51:28] 
INFO [2020-01-09 15:51:28] $main.fontfamily
INFO [2020-01-09 15:51:28] [1] "serif"
INFO [2020-01-09 15:51:28] 
INFO [2020-01-09 15:51:28] $main.col
INFO [2020-01-09 15:51:28] [1] "black"
INFO [2020-01-09 15:51:28] 
INFO [2020-01-09 15:51:28] $main.cex
INFO [2020-01-09 15:51:28] [1] 1
INFO [2020-01-09 15:51:28] 
INFO [2020-01-09 15:51:28] $main.just
INFO [2020-01-09 15:51:28] c(0.5, 1)
INFO [2020-01-09 15:51:28] 
INFO [2020-01-09 15:51:28] $sub.pos
INFO [2020-01-09 15:51:28] c(0.5, 1.05)
INFO [2020-01-09 15:51:28] 
INFO [2020-01-09 15:51:28] $sub.fontface
INFO [2020-01-09 15:51:28] [1] "plain"
INFO [2020-01-09 15:51:28] 
INFO [2020-01-09 15:51:28] $sub.fontfamily
INFO [2020-01-09 15:51:28] [1] "serif"
INFO [2020-01-09 15:51:28] 
INFO [2020-01-09 15:51:28] $sub.col
INFO [2020-01-09 15:51:28] [1] "black"
INFO [2020-01-09 15:51:28] 
INFO [2020-01-09 15:51:28] $sub.cex
INFO [2020-01-09 15:51:28] [1] 1
INFO [2020-01-09 15:51:28] 
INFO [2020-01-09 15:51:28] $sub.just
INFO [2020-01-09 15:51:28] c(0.5, 1)
INFO [2020-01-09 15:51:28] 
INFO [2020-01-09 15:51:28] $category.names
INFO [2020-01-09 15:51:28] catName
INFO [2020-01-09 15:51:28] 
INFO [2020-01-09 15:51:28] $force.unique
INFO [2020-01-09 15:51:28] [1] TRUE
INFO [2020-01-09 15:51:28] 
INFO [2020-01-09 15:51:28] $print.mode
INFO [2020-01-09 15:51:28] [1] "raw"
INFO [2020-01-09 15:51:28] 
INFO [2020-01-09 15:51:28] $sigdigs
INFO [2020-01-09 15:51:28] [1] 3
INFO [2020-01-09 15:51:28] 
INFO [2020-01-09 15:51:28] $direct.area
INFO [2020-01-09 15:51:28] [1] FALSE
INFO [2020-01-09 15:51:28] 
INFO [2020-01-09 15:51:28] $area.vector
INFO [2020-01-09 15:51:28] [1] 0
INFO [2020-01-09 15:51:28] 
INFO [2020-01-09 15:51:28] $hyper.test
INFO [2020-01-09 15:51:28] [1] FALSE
INFO [2020-01-09 15:51:28] 
INFO [2020-01-09 15:51:28] $total.population
INFO [2020-01-09 15:51:28] NULL
INFO [2020-01-09 15:51:28] 
INFO [2020-01-09 15:51:28] $lower.tail
INFO [2020-01-09 15:51:28] [1] TRUE
INFO [2020-01-09 15:51:28] 
INFO [2020-01-09 15:51:28] $fill
INFO [2020-01-09 15:51:28] colorName
INFO [2020-01-09 15:51:28] 
