INFO [2020-01-09 15:51:29] $x
INFO [2020-01-09 15:51:29] quadList
INFO [2020-01-09 15:51:29] 
INFO [2020-01-09 15:51:29] $filename
INFO [2020-01-09 15:51:29] picName
INFO [2020-01-09 15:51:29] 
INFO [2020-01-09 15:51:29] $height
INFO [2020-01-09 15:51:29] [1] 3000
INFO [2020-01-09 15:51:29] 
INFO [2020-01-09 15:51:29] $width
INFO [2020-01-09 15:51:29] [1] 3000
INFO [2020-01-09 15:51:29] 
INFO [2020-01-09 15:51:29] $resolution
INFO [2020-01-09 15:51:29] [1] 500
INFO [2020-01-09 15:51:29] 
INFO [2020-01-09 15:51:29] $imagetype
INFO [2020-01-09 15:51:29] [1] "tiff"
INFO [2020-01-09 15:51:29] 
INFO [2020-01-09 15:51:29] $units
INFO [2020-01-09 15:51:29] [1] "px"
INFO [2020-01-09 15:51:29] 
INFO [2020-01-09 15:51:29] $compression
INFO [2020-01-09 15:51:29] [1] "lzw"
INFO [2020-01-09 15:51:29] 
INFO [2020-01-09 15:51:29] $na
INFO [2020-01-09 15:51:29] [1] "remove"
INFO [2020-01-09 15:51:29] 
INFO [2020-01-09 15:51:29] $main
INFO [2020-01-09 15:51:29] NULL
INFO [2020-01-09 15:51:29] 
INFO [2020-01-09 15:51:29] $sub
INFO [2020-01-09 15:51:29] NULL
INFO [2020-01-09 15:51:29] 
INFO [2020-01-09 15:51:29] $main.pos
INFO [2020-01-09 15:51:29] c(0.5, 1.05)
INFO [2020-01-09 15:51:29] 
INFO [2020-01-09 15:51:29] $main.fontface
INFO [2020-01-09 15:51:29] [1] "plain"
INFO [2020-01-09 15:51:29] 
INFO [2020-01-09 15:51:29] $main.fontfamily
INFO [2020-01-09 15:51:29] [1] "serif"
INFO [2020-01-09 15:51:29] 
INFO [2020-01-09 15:51:29] $main.col
INFO [2020-01-09 15:51:29] [1] "black"
INFO [2020-01-09 15:51:29] 
INFO [2020-01-09 15:51:29] $main.cex
INFO [2020-01-09 15:51:29] [1] 1
INFO [2020-01-09 15:51:29] 
INFO [2020-01-09 15:51:29] $main.just
INFO [2020-01-09 15:51:29] c(0.5, 1)
INFO [2020-01-09 15:51:29] 
INFO [2020-01-09 15:51:29] $sub.pos
INFO [2020-01-09 15:51:29] c(0.5, 1.05)
INFO [2020-01-09 15:51:29] 
INFO [2020-01-09 15:51:29] $sub.fontface
INFO [2020-01-09 15:51:29] [1] "plain"
INFO [2020-01-09 15:51:29] 
INFO [2020-01-09 15:51:29] $sub.fontfamily
INFO [2020-01-09 15:51:29] [1] "serif"
INFO [2020-01-09 15:51:29] 
INFO [2020-01-09 15:51:29] $sub.col
INFO [2020-01-09 15:51:29] [1] "black"
INFO [2020-01-09 15:51:29] 
INFO [2020-01-09 15:51:29] $sub.cex
INFO [2020-01-09 15:51:29] [1] 1
INFO [2020-01-09 15:51:29] 
INFO [2020-01-09 15:51:29] $sub.just
INFO [2020-01-09 15:51:29] c(0.5, 1)
INFO [2020-01-09 15:51:29] 
INFO [2020-01-09 15:51:29] $category.names
INFO [2020-01-09 15:51:29] catName
INFO [2020-01-09 15:51:29] 
INFO [2020-01-09 15:51:29] $force.unique
INFO [2020-01-09 15:51:29] [1] TRUE
INFO [2020-01-09 15:51:29] 
INFO [2020-01-09 15:51:29] $print.mode
INFO [2020-01-09 15:51:29] [1] "raw"
INFO [2020-01-09 15:51:29] 
INFO [2020-01-09 15:51:29] $sigdigs
INFO [2020-01-09 15:51:29] [1] 3
INFO [2020-01-09 15:51:29] 
INFO [2020-01-09 15:51:29] $direct.area
INFO [2020-01-09 15:51:29] [1] FALSE
INFO [2020-01-09 15:51:29] 
INFO [2020-01-09 15:51:29] $area.vector
INFO [2020-01-09 15:51:29] [1] 0
INFO [2020-01-09 15:51:29] 
INFO [2020-01-09 15:51:29] $hyper.test
INFO [2020-01-09 15:51:29] [1] FALSE
INFO [2020-01-09 15:51:29] 
INFO [2020-01-09 15:51:29] $total.population
INFO [2020-01-09 15:51:29] NULL
INFO [2020-01-09 15:51:29] 
INFO [2020-01-09 15:51:29] $lower.tail
INFO [2020-01-09 15:51:29] [1] TRUE
INFO [2020-01-09 15:51:29] 
INFO [2020-01-09 15:51:29] $fill
INFO [2020-01-09 15:51:29] colorName
INFO [2020-01-09 15:51:29] 
INFO [2020-01-09 15:51:29] $cat.pos
INFO [2020-01-09 15:51:29] c(0, 20, 0, 0, -20)
INFO [2020-01-09 15:51:29] 
INFO [2020-01-09 15:51:29] $cat.dist
INFO [2020-01-09 15:51:29] [1] 0.05
INFO [2020-01-09 15:51:29] 
