INFO [2020-01-09 11:09:53] $x
INFO [2020-01-09 11:09:53] tripleList
INFO [2020-01-09 11:09:53] 
INFO [2020-01-09 11:09:53] $filename
INFO [2020-01-09 11:09:53] picName
INFO [2020-01-09 11:09:53] 
INFO [2020-01-09 11:09:53] $height
INFO [2020-01-09 11:09:53] [1] 3000
INFO [2020-01-09 11:09:53] 
INFO [2020-01-09 11:09:53] $width
INFO [2020-01-09 11:09:53] [1] 3000
INFO [2020-01-09 11:09:53] 
INFO [2020-01-09 11:09:53] $resolution
INFO [2020-01-09 11:09:53] [1] 500
INFO [2020-01-09 11:09:53] 
INFO [2020-01-09 11:09:53] $imagetype
INFO [2020-01-09 11:09:53] [1] "tiff"
INFO [2020-01-09 11:09:53] 
INFO [2020-01-09 11:09:53] $units
INFO [2020-01-09 11:09:53] [1] "px"
INFO [2020-01-09 11:09:53] 
INFO [2020-01-09 11:09:53] $compression
INFO [2020-01-09 11:09:53] [1] "lzw"
INFO [2020-01-09 11:09:53] 
INFO [2020-01-09 11:09:53] $na
INFO [2020-01-09 11:09:53] [1] "remove"
INFO [2020-01-09 11:09:53] 
INFO [2020-01-09 11:09:53] $main
INFO [2020-01-09 11:09:53] NULL
INFO [2020-01-09 11:09:53] 
INFO [2020-01-09 11:09:53] $sub
INFO [2020-01-09 11:09:53] NULL
INFO [2020-01-09 11:09:53] 
INFO [2020-01-09 11:09:53] $main.pos
INFO [2020-01-09 11:09:53] c(0.5, 1.05)
INFO [2020-01-09 11:09:53] 
INFO [2020-01-09 11:09:53] $main.fontface
INFO [2020-01-09 11:09:53] [1] "plain"
INFO [2020-01-09 11:09:53] 
INFO [2020-01-09 11:09:53] $main.fontfamily
INFO [2020-01-09 11:09:53] [1] "serif"
INFO [2020-01-09 11:09:53] 
INFO [2020-01-09 11:09:53] $main.col
INFO [2020-01-09 11:09:53] [1] "black"
INFO [2020-01-09 11:09:53] 
INFO [2020-01-09 11:09:53] $main.cex
INFO [2020-01-09 11:09:53] [1] 1
INFO [2020-01-09 11:09:53] 
INFO [2020-01-09 11:09:53] $main.just
INFO [2020-01-09 11:09:53] c(0.5, 1)
INFO [2020-01-09 11:09:53] 
INFO [2020-01-09 11:09:53] $sub.pos
INFO [2020-01-09 11:09:53] c(0.5, 1.05)
INFO [2020-01-09 11:09:53] 
INFO [2020-01-09 11:09:53] $sub.fontface
INFO [2020-01-09 11:09:53] [1] "plain"
INFO [2020-01-09 11:09:53] 
INFO [2020-01-09 11:09:53] $sub.fontfamily
INFO [2020-01-09 11:09:53] [1] "serif"
INFO [2020-01-09 11:09:53] 
INFO [2020-01-09 11:09:53] $sub.col
INFO [2020-01-09 11:09:53] [1] "black"
INFO [2020-01-09 11:09:53] 
INFO [2020-01-09 11:09:53] $sub.cex
INFO [2020-01-09 11:09:53] [1] 1
INFO [2020-01-09 11:09:53] 
INFO [2020-01-09 11:09:53] $sub.just
INFO [2020-01-09 11:09:53] c(0.5, 1)
INFO [2020-01-09 11:09:53] 
INFO [2020-01-09 11:09:53] $category.names
INFO [2020-01-09 11:09:53] catName
INFO [2020-01-09 11:09:53] 
INFO [2020-01-09 11:09:53] $force.unique
INFO [2020-01-09 11:09:53] [1] TRUE
INFO [2020-01-09 11:09:53] 
INFO [2020-01-09 11:09:53] $print.mode
INFO [2020-01-09 11:09:53] [1] "raw"
INFO [2020-01-09 11:09:53] 
INFO [2020-01-09 11:09:53] $sigdigs
INFO [2020-01-09 11:09:53] [1] 3
INFO [2020-01-09 11:09:53] 
INFO [2020-01-09 11:09:53] $direct.area
INFO [2020-01-09 11:09:53] [1] FALSE
INFO [2020-01-09 11:09:53] 
INFO [2020-01-09 11:09:53] $area.vector
INFO [2020-01-09 11:09:53] [1] 0
INFO [2020-01-09 11:09:53] 
INFO [2020-01-09 11:09:53] $hyper.test
INFO [2020-01-09 11:09:53] [1] FALSE
INFO [2020-01-09 11:09:53] 
INFO [2020-01-09 11:09:53] $total.population
INFO [2020-01-09 11:09:53] NULL
INFO [2020-01-09 11:09:53] 
INFO [2020-01-09 11:09:53] $lower.tail
INFO [2020-01-09 11:09:53] [1] TRUE
INFO [2020-01-09 11:09:53] 
INFO [2020-01-09 11:09:53] $fill
INFO [2020-01-09 11:09:53] colorName
INFO [2020-01-09 11:09:53] 
