INFO [2020-01-09 15:51:27] $x
INFO [2020-01-09 15:51:27] tripleList
INFO [2020-01-09 15:51:27] 
INFO [2020-01-09 15:51:27] $filename
INFO [2020-01-09 15:51:27] picName
INFO [2020-01-09 15:51:27] 
INFO [2020-01-09 15:51:27] $height
INFO [2020-01-09 15:51:27] [1] 3000
INFO [2020-01-09 15:51:27] 
INFO [2020-01-09 15:51:27] $width
INFO [2020-01-09 15:51:27] [1] 3000
INFO [2020-01-09 15:51:27] 
INFO [2020-01-09 15:51:27] $resolution
INFO [2020-01-09 15:51:27] [1] 500
INFO [2020-01-09 15:51:27] 
INFO [2020-01-09 15:51:27] $imagetype
INFO [2020-01-09 15:51:27] [1] "tiff"
INFO [2020-01-09 15:51:27] 
INFO [2020-01-09 15:51:27] $units
INFO [2020-01-09 15:51:27] [1] "px"
INFO [2020-01-09 15:51:27] 
INFO [2020-01-09 15:51:27] $compression
INFO [2020-01-09 15:51:27] [1] "lzw"
INFO [2020-01-09 15:51:27] 
INFO [2020-01-09 15:51:27] $na
INFO [2020-01-09 15:51:27] [1] "remove"
INFO [2020-01-09 15:51:27] 
INFO [2020-01-09 15:51:27] $main
INFO [2020-01-09 15:51:27] NULL
INFO [2020-01-09 15:51:27] 
INFO [2020-01-09 15:51:27] $sub
INFO [2020-01-09 15:51:27] NULL
INFO [2020-01-09 15:51:27] 
INFO [2020-01-09 15:51:27] $main.pos
INFO [2020-01-09 15:51:27] c(0.5, 1.05)
INFO [2020-01-09 15:51:27] 
INFO [2020-01-09 15:51:27] $main.fontface
INFO [2020-01-09 15:51:27] [1] "plain"
INFO [2020-01-09 15:51:27] 
INFO [2020-01-09 15:51:27] $main.fontfamily
INFO [2020-01-09 15:51:27] [1] "serif"
INFO [2020-01-09 15:51:27] 
INFO [2020-01-09 15:51:27] $main.col
INFO [2020-01-09 15:51:27] [1] "black"
INFO [2020-01-09 15:51:27] 
INFO [2020-01-09 15:51:27] $main.cex
INFO [2020-01-09 15:51:27] [1] 1
INFO [2020-01-09 15:51:27] 
INFO [2020-01-09 15:51:27] $main.just
INFO [2020-01-09 15:51:27] c(0.5, 1)
INFO [2020-01-09 15:51:27] 
INFO [2020-01-09 15:51:27] $sub.pos
INFO [2020-01-09 15:51:27] c(0.5, 1.05)
INFO [2020-01-09 15:51:27] 
INFO [2020-01-09 15:51:27] $sub.fontface
INFO [2020-01-09 15:51:27] [1] "plain"
INFO [2020-01-09 15:51:27] 
INFO [2020-01-09 15:51:27] $sub.fontfamily
INFO [2020-01-09 15:51:27] [1] "serif"
INFO [2020-01-09 15:51:27] 
INFO [2020-01-09 15:51:27] $sub.col
INFO [2020-01-09 15:51:27] [1] "black"
INFO [2020-01-09 15:51:27] 
INFO [2020-01-09 15:51:27] $sub.cex
INFO [2020-01-09 15:51:27] [1] 1
INFO [2020-01-09 15:51:27] 
INFO [2020-01-09 15:51:27] $sub.just
INFO [2020-01-09 15:51:27] c(0.5, 1)
INFO [2020-01-09 15:51:27] 
INFO [2020-01-09 15:51:27] $category.names
INFO [2020-01-09 15:51:27] catName
INFO [2020-01-09 15:51:27] 
INFO [2020-01-09 15:51:27] $force.unique
INFO [2020-01-09 15:51:27] [1] TRUE
INFO [2020-01-09 15:51:27] 
INFO [2020-01-09 15:51:27] $print.mode
INFO [2020-01-09 15:51:27] [1] "raw"
INFO [2020-01-09 15:51:27] 
INFO [2020-01-09 15:51:27] $sigdigs
INFO [2020-01-09 15:51:27] [1] 3
INFO [2020-01-09 15:51:27] 
INFO [2020-01-09 15:51:27] $direct.area
INFO [2020-01-09 15:51:27] [1] FALSE
INFO [2020-01-09 15:51:27] 
INFO [2020-01-09 15:51:27] $area.vector
INFO [2020-01-09 15:51:27] [1] 0
INFO [2020-01-09 15:51:27] 
INFO [2020-01-09 15:51:27] $hyper.test
INFO [2020-01-09 15:51:27] [1] FALSE
INFO [2020-01-09 15:51:27] 
INFO [2020-01-09 15:51:27] $total.population
INFO [2020-01-09 15:51:27] NULL
INFO [2020-01-09 15:51:27] 
INFO [2020-01-09 15:51:27] $lower.tail
INFO [2020-01-09 15:51:27] [1] TRUE
INFO [2020-01-09 15:51:27] 
INFO [2020-01-09 15:51:27] $fill
INFO [2020-01-09 15:51:27] colorName
INFO [2020-01-09 15:51:27] 
